<?xml version="1.0" encoding="utf-8"?><testsuites name="pytest tests"><testsuite name="pytest" errors="0" failures="0" skipped="0" tests="10" time="2.124" timestamp="2026-03-30T18:32:46.598826+00:00" hostname="agent-env-9b6c2772-2e17-4a33-bfcd-a73ca3212e39"><testcase classname="backend.tests.test_calculator_api.TestContactAPI" name="test_api_root" time="0.154" /><testcase classname="backend.tests.test_calculator_api.TestContactAPI" name="test_contact_submission_success" time="0.393" /><testcase classname="backend.tests.test_calculator_api.TestContactAPI" name="test_contact_submission_with_addons" time="0.372" /><testcase classname="backend.tests.test_calculator_api.TestContactAPI" name="test_contact_submission_minimal" time="0.380" /><testcase classname="backend.tests.test_calculator_api.TestContactAPI" name="test_contact_submission_invalid_email" time="0.115" /><testcase classname="backend.tests.test_calculator_api.TestContactAPI" name="test_contact_submission_missing_required" time="0.104" /><testcase classname="backend.tests.test_calculator_api.TestAdminAPI" name="test_admin_login_success" time="0.137" /><testcase classname="backend.tests.test_calculator_api.TestAdminAPI" name="test_admin_login_failure" time="0.154" /><testcase classname="backend.tests.test_calculator_api.TestAdminAPI" name="test_admin_stats" time="0.145" /><testcase classname="backend.tests.test_calculator_api.TestAnalyticsAPI" name="test_pageview_tracking" time="0.110" /></testsuite></testsuites>