<?xml version="1.0" encoding="utf-8"?><testsuites name="pytest tests"><testsuite name="pytest" errors="0" failures="0" skipped="0" tests="15" time="2.617" timestamp="2026-03-22T15:39:34.016091+00:00" hostname="agent-env-004736a4-2cdb-4cc8-ba76-a7126442aff2"><testcase classname="backend.tests.test_v3_features" name="test_zoek_with_pagination_token" time="0.486" /><testcase classname="backend.tests.test_v3_features" name="test_zoek_laad_meer" time="0.689" /><testcase classname="backend.tests.test_v3_features" name="test_create_share" time="0.059" /><testcase classname="backend.tests.test_v3_features" name="test_get_share" time="0.105" /><testcase classname="backend.tests.test_v3_features" name="test_get_share_invalid_token" time="0.047" /><testcase classname="backend.tests.test_v3_features" name="test_sheets_status_configured" time="0.046" /><testcase classname="backend.tests.test_v3_features" name="test_sheets_login_auth_url" time="0.087" /><testcase classname="backend.tests.test_leads" name="test_zoek_kapper_rotterdam" time="0.395" /><testcase classname="backend.tests.test_leads" name="test_save_lead" time="0.052" /><testcase classname="backend.tests.test_leads" name="test_get_leads" time="0.061" /><testcase classname="backend.tests.test_leads" name="test_update_lead_status" time="0.101" /><testcase classname="backend.tests.test_leads" name="test_delete_lead" time="0.145" /><testcase classname="backend.tests.test_leads" name="test_dashboard" time="0.060" /><testcase classname="backend.tests.test_leads" name="test_sheets_status" time="0.052" /><testcase classname="backend.tests.test_leads" name="test_cleanup" time="0.181" /></testsuite></testsuites>