<?xml version="1.0" encoding="utf-8"?><testsuites name="pytest tests"><testsuite name="pytest" errors="0" failures="0" skipped="0" tests="8" time="1.785" timestamp="2026-03-22T10:18:29.684824+00:00" hostname="agent-env-781d8595-0f0b-440e-97ab-301956bce826"><testcase classname="backend.tests.test_leads" name="test_zoek_kapper_rotterdam" time="1.080" /><testcase classname="backend.tests.test_leads" name="test_save_lead" time="0.055" /><testcase classname="backend.tests.test_leads" name="test_get_leads" time="0.049" /><testcase classname="backend.tests.test_leads" name="test_update_lead_status" time="0.108" /><testcase classname="backend.tests.test_leads" name="test_delete_lead" time="0.148" /><testcase classname="backend.tests.test_leads" name="test_dashboard" time="0.051" /><testcase classname="backend.tests.test_leads" name="test_sheets_status" time="0.045" /><testcase classname="backend.tests.test_leads" name="test_cleanup" time="0.143" /></testsuite></testsuites>