<?xml version="1.0" encoding="utf-8"?><testsuites name="pytest tests"><testsuite name="pytest" errors="0" failures="0" skipped="0" tests="10" time="5.601" timestamp="2026-03-22T09:54:58.292005+00:00" hostname="agent-env-781d8595-0f0b-440e-97ab-301956bce826"><testcase classname="backend.tests.test_zoek.TestHealthCheck" name="test_api_root" time="0.170" /><testcase classname="backend.tests.test_zoek.TestZoekEndpoint" name="test_zoek_returns_200" time="0.852" /><testcase classname="backend.tests.test_zoek.TestZoekEndpoint" name="test_zoek_response_structure" time="0.836" /><testcase classname="backend.tests.test_zoek.TestZoekEndpoint" name="test_zoek_leads_fields" time="0.909" /><testcase classname="backend.tests.test_zoek.TestZoekEndpoint" name="test_zoek_no_website_filter" time="0.801" /><testcase classname="backend.tests.test_zoek.TestZoekEndpoint" name="test_zoek_totaal_gte_leads" time="0.856" /><testcase classname="backend.tests.test_zoek.TestZoekEndpoint" name="test_zoek_empty_branche_returns_422" time="0.100" /><testcase classname="backend.tests.test_zoek.TestZoekEndpoint" name="test_zoek_empty_stad_returns_422" time="0.101" /><testcase classname="backend.tests.test_zoek.TestZoekEndpoint" name="test_zoek_missing_fields_returns_422" time="0.097" /><testcase classname="backend.tests.test_zoek.TestZoekEndpoint" name="test_zoek_google_maps_url_format" time="0.823" /></testsuite></testsuites>