<?xml version="1.0" encoding="utf-8"?><testsuites name="pytest tests"><testsuite name="pytest" errors="0" failures="0" skipped="0" tests="7" time="2.788" timestamp="2026-04-10T07:52:09.039020+00:00" hostname="agent-env-9b6c2772-2e17-4a33-bfcd-a73ca3212e39"><testcase classname="backend.tests.test_whatsapp_limit.TestWhatsAppStats" name="test_get_whatsapp_stats_returns_correct_structure" time="0.196" /><testcase classname="backend.tests.test_whatsapp_limit.TestWhatsAppStats" name="test_update_whatsapp_limit" time="1.169" /><testcase classname="backend.tests.test_whatsapp_limit.TestWhatsAppClick" name="test_whatsapp_click_increments_counter" time="0.208" /><testcase classname="backend.tests.test_whatsapp_limit.TestWhatsAppClick" name="test_whatsapp_click_returns_error_at_limit" time="0.419" /><testcase classname="backend.tests.test_whatsapp_limit.TestWhatsAppIntegration" name="test_full_whatsapp_workflow" time="0.534" /><testcase classname="backend.tests.test_whatsapp_limit.TestLeadFinderAuth" name="test_auth_with_correct_password" time="0.103" /><testcase classname="backend.tests.test_whatsapp_limit.TestLeadFinderAuth" name="test_auth_with_wrong_password" time="0.108" /></testsuite></testsuites>