<?xml version="1.0" encoding="utf-8"?><testsuites name="pytest tests"><testsuite name="pytest" errors="0" failures="0" skipped="0" tests="7" time="1.791" timestamp="2026-03-22T10:51:16.524496+00:00" hostname="agent-env-781d8595-0f0b-440e-97ab-301956bce826"><testcase classname="backend.tests.test_v3_features" name="test_zoek_with_pagination_token" time="0.534" /><testcase classname="backend.tests.test_v3_features" name="test_zoek_laad_meer" time="0.672" /><testcase classname="backend.tests.test_v3_features" name="test_create_share" time="0.051" /><testcase classname="backend.tests.test_v3_features" name="test_get_share" time="0.084" /><testcase classname="backend.tests.test_v3_features" name="test_get_share_invalid_token" time="0.045" /><testcase classname="backend.tests.test_v3_features" name="test_sheets_status_configured" time="0.045" /><testcase classname="backend.tests.test_v3_features" name="test_sheets_login_auth_url" time="0.261" /></testsuite></testsuites>